2023-02-20 03:03:05 [http-nio-8080-exec-2] DEBUG o.h.SQL                                            - 
    select
        user0_.id as id1_7_,
        user0_.avatar_url as avatar_u2_7_,
        user0_.`birth_date` as birth_da3_7_,
        user0_.`email` as email4_7_,
        user0_.`first_name` as first_na5_7_,
        user0_.`gender` as gender6_7_,
        user0_.`last_name` as last_nam7_7_,
        user0_.`password` as password8_7_,
        user0_.phone as phone9_7_,
        user0_.`status` as status10_7_,
        user0_.`user_name` as user_na11_7_,
        concat(user0_.first_name,
        ' ',
        user0_.last_name) as formula1_ 
    from
        `User` user0_ 
    where
        user0_.`user_name`=? 
2023-02-20 03:03:05 [http-nio-8080-exec-2] TRACE o.h.t.d.s.BasicBinder                              - binding parameter [1] as [VARCHAR] - [hieunbhm] 
2023-02-20 03:03:05 [http-nio-8080-exec-2] DEBUG o.h.SQL                                            - 
    select
        point0_.id as id1_1_1_,
        point0_.point as point2_1_1_,
        point0_.user_id as user_id3_1_1_,
        user1_.id as id1_7_0_,
        user1_.avatar_url as avatar_u2_7_0_,
        user1_.`birth_date` as birth_da3_7_0_,
        user1_.`email` as email4_7_0_,
        user1_.`first_name` as first_na5_7_0_,
        user1_.`gender` as gender6_7_0_,
        user1_.`last_name` as last_nam7_7_0_,
        user1_.`password` as password8_7_0_,
        user1_.phone as phone9_7_0_,
        user1_.`status` as status10_7_0_,
        user1_.`user_name` as user_na11_7_0_,
        concat(user1_.first_name,
        ' ',
        user1_.last_name) as formula1_0_ 
    from
        `Point` point0_ 
    inner join
        `User` user1_ 
            on point0_.user_id=user1_.id 
    where
        point0_.user_id=? 
2023-02-20 03:03:05 [http-nio-8080-exec-2] TRACE o.h.t.d.s.BasicBinder                              - binding parameter [1] as [INTEGER] - [1] 
2023-02-20 03:03:06 [http-nio-8080-exec-2] DEBUG o.h.SQL                                            - 
    select
        recipes0_.`creator_id` as creator10_2_0_,
        recipes0_.`id` as id1_2_0_,
        recipes0_.`id` as id1_2_1_,
        recipes0_.`create_date` as create_d2_2_1_,
        recipes0_.`creator_id` as creator10_2_1_,
        recipes0_.`description` as descript3_2_1_,
        recipes0_.`image_url` as image_ur4_2_1_,
        recipes0_.`name` as name5_2_1_,
        recipes0_.`note` as note6_2_1_,
        recipes0_.`point` as point7_2_1_,
        recipes0_.`processing_steps` as processi8_2_1_,
        recipes0_.`views` as views9_2_1_ 
    from
        `Recipe` recipes0_ 
    where
        recipes0_.`creator_id`=? 
2023-02-20 03:03:06 [http-nio-8080-exec-2] TRACE o.h.t.d.s.BasicBinder                              - binding parameter [1] as [INTEGER] - [1] 
2023-02-20 03:03:06 [http-nio-8080-exec-2] DEBUG o.h.SQL                                            - 
    select
        ingredient0_.`recipe_id` as recipe_i5_4_0_,
        ingredient0_.id as id1_4_0_,
        ingredient0_.id as id1_4_1_,
        ingredient0_.`amount` as amount2_4_1_,
        ingredient0_.`name` as name3_4_1_,
        ingredient0_.`recipe_id` as recipe_i5_4_1_,
        ingredient0_.`unit` as unit4_4_1_ 
    from
        `Recipe_Ingredient` ingredient0_ 
    where
        ingredient0_.`recipe_id`=? 
2023-02-20 03:03:06 [http-nio-8080-exec-2] TRACE o.h.t.d.s.BasicBinder                              - binding parameter [1] as [INTEGER] - [1] 
